Determining if the pthread_create exist failed with the following output:
Change Dir: /ifs/home/hksaperstein/Documents/git/rbe502/rbe502_sim/build/CMakeFiles/CMakeTmp

Run Build Command:"/usr/bin/make" "cmTC_1d357/fast"
/usr/bin/make -f CMakeFiles/cmTC_1d357.dir/build.make CMakeFiles/cmTC_1d357.dir/build
make[1]: Entering directory '/ifs/home/hksaperstein/Documents/git/rbe502/rbe502_sim/build/CMakeFiles/CMakeTmp'
Building C object CMakeFiles/cmTC_1d357.dir/CheckSymbolExists.c.o
/usr/bin/cc     -o CMakeFiles/cmTC_1d357.dir/CheckSymbolExists.c.o   -c /ifs/home/hksaperstein/Documents/git/rbe502/rbe502_sim/build/CMakeFiles/CMakeTmp/CheckSymbolExists.c
Linking C executable cmTC_1d357
/usr/bin/cmake -E cmake_link_script CMakeFiles/cmTC_1d357.dir/link.txt --verbose=1
/usr/bin/cc       CMakeFiles/cmTC_1d357.dir/CheckSymbolExists.c.o  -o cmTC_1d357 -rdynamic 
CMakeFiles/cmTC_1d357.dir/CheckSymbolExists.c.o: In function `main':
CheckSymbolExists.c:(.text+0x16): undefined reference to `pthread_create'
collect2: error: ld returned 1 exit status
CMakeFiles/cmTC_1d357.dir/build.make:97: recipe for target 'cmTC_1d357' failed
make[1]: *** [cmTC_1d357] Error 1
make[1]: Leaving directory '/ifs/home/hksaperstein/Documents/git/rbe502/rbe502_sim/build/CMakeFiles/CMakeTmp'
Makefile:126: recipe for target 'cmTC_1d357/fast' failed
make: *** [cmTC_1d357/fast] Error 2

File /ifs/home/hksaperstein/Documents/git/rbe502/rbe502_sim/build/CMakeFiles/CMakeTmp/CheckSymbolExists.c:
/* */
#include <pthread.h>

int main(int argc, char** argv)
{
  (void)argv;
#ifndef pthread_create
  return ((int*)(&pthread_create))[argc];
#else
  (void)argc;
  return 0;
#endif
}

Determining if the function pthread_create exists in the pthreads failed with the following output:
Change Dir: /ifs/home/hksaperstein/Documents/git/rbe502/rbe502_sim/build/CMakeFiles/CMakeTmp

Run Build Command:"/usr/bin/make" "cmTC_2bc8e/fast"
/usr/bin/make -f CMakeFiles/cmTC_2bc8e.dir/build.make CMakeFiles/cmTC_2bc8e.dir/build
make[1]: Entering directory '/ifs/home/hksaperstein/Documents/git/rbe502/rbe502_sim/build/CMakeFiles/CMakeTmp'
Building C object CMakeFiles/cmTC_2bc8e.dir/CheckFunctionExists.c.o
/usr/bin/cc    -DCHECK_FUNCTION_EXISTS=pthread_create   -o CMakeFiles/cmTC_2bc8e.dir/CheckFunctionExists.c.o   -c /usr/share/cmake-3.5/Modules/CheckFunctionExists.c
Linking C executable cmTC_2bc8e
/usr/bin/cmake -E cmake_link_script CMakeFiles/cmTC_2bc8e.dir/link.txt --verbose=1
/usr/bin/cc   -DCHECK_FUNCTION_EXISTS=pthread_create    CMakeFiles/cmTC_2bc8e.dir/CheckFunctionExists.c.o  -o cmTC_2bc8e -rdynamic -lpthreads 
/usr/bin/ld: cannot find -lpthreads
collect2: error: ld returned 1 exit status
CMakeFiles/cmTC_2bc8e.dir/build.make:97: recipe for target 'cmTC_2bc8e' failed
make[1]: *** [cmTC_2bc8e] Error 1
make[1]: Leaving directory '/ifs/home/hksaperstein/Documents/git/rbe502/rbe502_sim/build/CMakeFiles/CMakeTmp'
Makefile:126: recipe for target 'cmTC_2bc8e/fast' failed
make: *** [cmTC_2bc8e/fast] Error 2


